<?xml version="1.0" encoding="UTF-8"?>
<coverage generated="1725939387839" clover="3.2.0">
  <project timestamp="1725939387839" name="All files">
    <metrics statements="52" coveredstatements="52" conditionals="49" coveredconditionals="49" methods="9" coveredmethods="9" elements="110" coveredelements="110" complexity="0" loc="52" ncloc="52" packages="1" files="2" classes="2"/>
    <file name="FigureCalculator.js" path="/home/regi/Code/javascript-projects/math-api/src/FigureCalculator.js">
      <metrics statements="26" coveredstatements="26" conditionals="25" coveredconditionals="25" methods="5" coveredmethods="5"/>
      <line num="3" count="13" type="stmt"/>
      <line num="7" count="7" type="cond" truecount="2" falsecount="0"/>
      <line num="8" count="3" type="stmt"/>
      <line num="11" count="4" type="stmt"/>
      <line num="12" count="4" type="cond" truecount="4" falsecount="0"/>
      <line num="13" count="3" type="stmt"/>
      <line num="17" count="1" type="stmt"/>
      <line num="21" count="7" type="cond" truecount="2" falsecount="0"/>
      <line num="22" count="3" type="stmt"/>
      <line num="25" count="4" type="stmt"/>
      <line num="26" count="4" type="cond" truecount="4" falsecount="0"/>
      <line num="27" count="3" type="stmt"/>
      <line num="31" count="1" type="stmt"/>
      <line num="35" count="7" type="cond" truecount="2" falsecount="0"/>
      <line num="36" count="4" type="stmt"/>
      <line num="39" count="3" type="stmt"/>
      <line num="40" count="3" type="cond" truecount="2" falsecount="0"/>
      <line num="45" count="2" type="stmt"/>
      <line num="49" count="1" type="stmt"/>
      <line num="53" count="7" type="cond" truecount="2" falsecount="0"/>
      <line num="54" count="3" type="stmt"/>
      <line num="57" count="4" type="stmt"/>
      <line num="58" count="4" type="cond" truecount="4" falsecount="0"/>
      <line num="59" count="3" type="stmt"/>
      <line num="63" count="1" type="stmt"/>
      <line num="70" count="1" type="stmt"/>
    </file>
    <file name="MathBasic.js" path="/home/regi/Code/javascript-projects/math-api/src/MathBasic.js">
      <metrics statements="26" coveredstatements="26" conditionals="24" coveredconditionals="24" methods="4" coveredmethods="4"/>
      <line num="1" count="2" type="stmt"/>
      <line num="3" count="13" type="cond" truecount="2" falsecount="0"/>
      <line num="4" count="4" type="stmt"/>
      <line num="7" count="9" type="stmt"/>
      <line num="9" count="9" type="cond" truecount="4" falsecount="0"/>
      <line num="10" count="3" type="stmt"/>
      <line num="13" count="6" type="stmt"/>
      <line num="16" count="10" type="cond" truecount="2" falsecount="0"/>
      <line num="17" count="4" type="stmt"/>
      <line num="20" count="6" type="stmt"/>
      <line num="22" count="6" type="cond" truecount="4" falsecount="0"/>
      <line num="23" count="3" type="stmt"/>
      <line num="26" count="3" type="stmt"/>
      <line num="29" count="14" type="cond" truecount="2" falsecount="0"/>
      <line num="30" count="4" type="stmt"/>
      <line num="33" count="10" type="stmt"/>
      <line num="35" count="10" type="cond" truecount="4" falsecount="0"/>
      <line num="36" count="3" type="stmt"/>
      <line num="39" count="7" type="stmt"/>
      <line num="42" count="10" type="cond" truecount="2" falsecount="0"/>
      <line num="43" count="4" type="stmt"/>
      <line num="46" count="6" type="stmt"/>
      <line num="48" count="6" type="cond" truecount="4" falsecount="0"/>
      <line num="49" count="3" type="stmt"/>
      <line num="52" count="3" type="stmt"/>
      <line num="56" count="2" type="stmt"/>
    </file>
  </project>
</coverage>
