TN:
SF:src/FigureCalculator.js
FN:2,(anonymous_0)
FN:6,(anonymous_1)
FN:20,(anonymous_2)
FN:34,(anonymous_3)
FN:52,(anonymous_4)
FNF:5
FNH:5
FNDA:13,(anonymous_0)
FNDA:7,(anonymous_1)
FNDA:7,(anonymous_2)
FNDA:7,(anonymous_3)
FNDA:7,(anonymous_4)
DA:3,13
DA:7,7
DA:8,3
DA:11,4
DA:12,4
DA:13,3
DA:17,1
DA:21,7
DA:22,3
DA:25,4
DA:26,4
DA:27,3
DA:31,1
DA:35,7
DA:36,4
DA:39,3
DA:40,3
DA:45,2
DA:49,1
DA:53,7
DA:54,3
DA:57,4
DA:58,4
DA:59,3
DA:63,1
DA:70,1
LF:26
LH:26
BRDA:7,0,0,3
BRDA:7,0,1,4
BRDA:12,1,0,3
BRDA:12,1,1,1
BRDA:12,2,0,4
BRDA:12,2,1,1
BRDA:21,3,0,3
BRDA:21,3,1,4
BRDA:26,4,0,3
BRDA:26,4,1,1
BRDA:26,5,0,4
BRDA:26,5,1,1
BRDA:35,6,0,4
BRDA:35,6,1,3
BRDA:40,7,0,2
BRDA:40,7,1,1
BRDA:41,8,0,3
BRDA:41,8,1,1
BRDA:41,8,2,1
BRDA:53,9,0,3
BRDA:53,9,1,4
BRDA:58,10,0,3
BRDA:58,10,1,1
BRDA:58,11,0,4
BRDA:58,11,1,1
BRF:25
BRH:25
end_of_record
TN:
SF:src/MathBasic.js
FN:2,(anonymous_0)
FN:15,(anonymous_1)
FN:28,(anonymous_2)
FN:41,(anonymous_3)
FNF:4
FNH:4
FNDA:13,(anonymous_0)
FNDA:10,(anonymous_1)
FNDA:14,(anonymous_2)
FNDA:10,(anonymous_3)
DA:1,2
DA:3,13
DA:4,4
DA:7,9
DA:9,9
DA:10,3
DA:13,6
DA:16,10
DA:17,4
DA:20,6
DA:22,6
DA:23,3
DA:26,3
DA:29,14
DA:30,4
DA:33,10
DA:35,10
DA:36,3
DA:39,7
DA:42,10
DA:43,4
DA:46,6
DA:48,6
DA:49,3
DA:52,3
DA:56,2
LF:26
LH:26
BRDA:3,0,0,4
BRDA:3,0,1,9
BRDA:9,1,0,3
BRDA:9,1,1,6
BRDA:9,2,0,9
BRDA:9,2,1,6
BRDA:16,3,0,4
BRDA:16,3,1,6
BRDA:22,4,0,3
BRDA:22,4,1,3
BRDA:22,5,0,6
BRDA:22,5,1,3
BRDA:29,6,0,4
BRDA:29,6,1,10
BRDA:35,7,0,3
BRDA:35,7,1,7
BRDA:35,8,0,10
BRDA:35,8,1,7
BRDA:42,9,0,4
BRDA:42,9,1,6
BRDA:48,10,0,3
BRDA:48,10,1,3
BRDA:48,11,0,6
BRDA:48,11,1,3
BRF:24
BRH:24
end_of_record
